<?xml version="1.0" encoding="UTF-8"?>
<coverage generated="1706689323043" clover="3.2.0">
  <project timestamp="1706689323044" name="All files">
    <metrics statements="90" coveredstatements="85" conditionals="48" coveredconditionals="43" methods="21" coveredmethods="21" elements="159" coveredelements="149" complexity="0" loc="90" ncloc="90" packages="2" files="7" classes="7"/>
    <package name="src">
      <metrics statements="32" coveredstatements="30" conditionals="15" coveredconditionals="13" methods="7" coveredmethods="7"/>
      <file name="index.js" path="/home/tatsiana/frontend-project-46/src/index.js">
        <metrics statements="13" coveredstatements="13" conditionals="1" coveredconditionals="1" methods="4" coveredmethods="4"/>
        <line num="8" count="32" type="stmt"/>
        <line num="10" count="1" type="stmt"/>
        <line num="11" count="16" type="stmt"/>
        <line num="12" count="16" type="stmt"/>
        <line num="15" count="1" type="stmt"/>
        <line num="16" count="16" type="stmt"/>
        <line num="17" count="16" type="stmt"/>
        <line num="18" count="16" type="stmt"/>
        <line num="21" count="1" type="cond" truecount="1" falsecount="0"/>
        <line num="22" count="8" type="stmt"/>
        <line num="23" count="8" type="stmt"/>
        <line num="24" count="8" type="stmt"/>
        <line num="25" count="8" type="stmt"/>
      </file>
      <file name="makeDiff.js" path="/home/tatsiana/frontend-project-46/src/makeDiff.js">
        <metrics statements="13" coveredstatements="13" conditionals="10" coveredconditionals="10" methods="2" coveredmethods="2"/>
        <line num="3" count="1" type="stmt"/>
        <line num="4" count="40" type="stmt"/>
        <line num="5" count="40" type="stmt"/>
        <line num="6" count="144" type="cond" truecount="2" falsecount="0"/>
        <line num="7" count="16" type="stmt"/>
        <line num="13" count="128" type="cond" truecount="2" falsecount="0"/>
        <line num="14" count="40" type="stmt"/>
        <line num="20" count="88" type="cond" truecount="4" falsecount="0"/>
        <line num="21" count="32" type="stmt"/>
        <line num="27" count="56" type="cond" truecount="2" falsecount="0"/>
        <line num="28" count="32" type="stmt"/>
        <line num="35" count="24" type="stmt"/>
        <line num="41" count="40" type="stmt"/>
      </file>
      <file name="parsers.js" path="/home/tatsiana/frontend-project-46/src/parsers.js">
        <metrics statements="6" coveredstatements="4" conditionals="4" coveredconditionals="2" methods="1" coveredmethods="1"/>
        <line num="3" count="1" type="stmt"/>
        <line num="4" count="16" type="cond" truecount="2" falsecount="2"/>
        <line num="6" count="8" type="stmt"/>
        <line num="8" count="0" type="stmt"/>
        <line num="10" count="8" type="stmt"/>
        <line num="12" count="0" type="stmt"/>
      </file>
    </package>
    <package name="src.formatters">
      <metrics statements="58" coveredstatements="55" conditionals="33" coveredconditionals="30" methods="14" coveredmethods="14"/>
      <file name="index.js" path="/home/tatsiana/frontend-project-46/src/formatters/index.js">
        <metrics statements="6" coveredstatements="5" conditionals="4" coveredconditionals="3" methods="1" coveredmethods="1"/>
        <line num="5" count="1" type="stmt"/>
        <line num="6" count="8" type="cond" truecount="3" falsecount="1"/>
        <line num="8" count="2" type="stmt"/>
        <line num="10" count="2" type="stmt"/>
        <line num="12" count="4" type="stmt"/>
        <line num="14" count="0" type="stmt"/>
      </file>
      <file name="json.js" path="/home/tatsiana/frontend-project-46/src/formatters/json.js">
        <metrics statements="1" coveredstatements="1" conditionals="0" coveredconditionals="0" methods="1" coveredmethods="1"/>
        <line num="1" count="2" type="stmt"/>
      </file>
      <file name="plain.js" path="/home/tatsiana/frontend-project-46/src/formatters/plain.js">
        <metrics statements="22" coveredstatements="21" conditionals="14" coveredconditionals="13" methods="6" coveredmethods="6"/>
        <line num="3" count="1" type="stmt"/>
        <line num="5" count="30" type="cond" truecount="2" falsecount="0"/>
        <line num="7" count="1" type="stmt"/>
        <line num="8" count="26" type="cond" truecount="2" falsecount="0"/>
        <line num="9" count="6" type="stmt"/>
        <line num="11" count="20" type="cond" truecount="2" falsecount="0"/>
        <line num="14" count="1" type="stmt"/>
        <line num="15" count="2" type="stmt"/>
        <line num="16" count="10" type="stmt"/>
        <line num="17" count="36" type="stmt"/>
        <line num="19" count="30" type="stmt"/>
        <line num="20" count="30" type="cond" truecount="2" falsecount="0"/>
        <line num="21" count="4" type="stmt"/>
        <line num="23" count="26" type="cond" truecount="2" falsecount="0"/>
        <line num="24" count="10" type="stmt"/>
        <line num="26" count="16" type="cond" truecount="2" falsecount="0"/>
        <line num="27" count="8" type="stmt"/>
        <line num="29" count="8" type="cond" truecount="1" falsecount="1"/>
        <line num="30" count="8" type="stmt"/>
        <line num="32" count="0" type="stmt"/>
        <line num="34" count="10" type="stmt"/>
        <line num="36" count="2" type="stmt"/>
      </file>
      <file name="stylish.js" path="/home/tatsiana/frontend-project-46/src/formatters/stylish.js">
        <metrics statements="29" coveredstatements="28" conditionals="15" coveredconditionals="14" methods="6" coveredmethods="6"/>
        <line num="3" count="1" type="stmt"/>
        <line num="4" count="1" type="stmt"/>
        <line num="5" count="1" type="stmt"/>
        <line num="6" count="1" type="stmt"/>
        <line num="8" count="172" type="cond" truecount="1" falsecount="0"/>
        <line num="10" count="1" type="stmt"/>
        <line num="11" count="84" type="cond" truecount="2" falsecount="0"/>
        <line num="12" count="56" type="stmt"/>
        <line num="14" count="28" type="stmt"/>
        <line num="15" count="36" type="cond" truecount="2" falsecount="0"/>
        <line num="18" count="28" type="stmt"/>
        <line num="21" count="1" type="stmt"/>
        <line num="22" count="4" type="stmt"/>
        <line num="23" count="20" type="stmt"/>
        <line num="24" count="72" type="cond" truecount="2" falsecount="0"/>
        <line num="25" count="8" type="stmt"/>
        <line num="27" count="64" type="cond" truecount="2" falsecount="0"/>
        <line num="28" count="20" type="stmt"/>
        <line num="30" count="44" type="cond" truecount="2" falsecount="0"/>
        <line num="31" count="16" type="stmt"/>
        <line num="33" count="28" type="cond" truecount="2" falsecount="0"/>
        <line num="34" count="16" type="stmt"/>
        <line num="35" count="16" type="stmt"/>
        <line num="36" count="16" type="stmt"/>
        <line num="38" count="12" type="cond" truecount="1" falsecount="1"/>
        <line num="39" count="12" type="stmt"/>
        <line num="41" count="0" type="stmt"/>
        <line num="43" count="20" type="stmt"/>
        <line num="45" count="4" type="stmt"/>
      </file>
    </package>
  </project>
</coverage>
