{"/home/tatsiana/frontend-project-46/src/index.js": {"path":"/home/tatsiana/frontend-project-46/src/index.js","statementMap":{"0":{"start":{"line":8,"column":24},"end":{"line":8,"column":75}},"1":{"start":{"line":8,"column":38},"end":{"line":8,"column":75}},"2":{"start":{"line":10,"column":22},"end":{"line":13,"column":1}},"3":{"start":{"line":11,"column":20},"end":{"line":11,"column":59}},"4":{"start":{"line":12,"column":2},"end":{"line":12,"column":37}},"5":{"start":{"line":15,"column":16},"end":{"line":19,"column":1}},"6":{"start":{"line":16,"column":15},"end":{"line":16,"column":66}},"7":{"start":{"line":17,"column":21},"end":{"line":17,"column":44}},"8":{"start":{"line":18,"column":2},"end":{"line":18,"column":33}},"9":{"start":{"line":21,"column":16},"end":{"line":26,"column":1}},"10":{"start":{"line":22,"column":16},"end":{"line":22,"column":34}},"11":{"start":{"line":23,"column":16},"end":{"line":23,"column":34}},"12":{"start":{"line":24,"column":15},"end":{"line":24,"column":37}},"13":{"start":{"line":25,"column":2},"end":{"line":25,"column":34}}},"fnMap":{"0":{"name":"(anonymous_0)","decl":{"start":{"line":8,"column":24},"end":{"line":8,"column":25}},"loc":{"start":{"line":8,"column":38},"end":{"line":8,"column":75}},"line":8},"1":{"name":"(anonymous_1)","decl":{"start":{"line":10,"column":22},"end":{"line":10,"column":23}},"loc":{"start":{"line":10,"column":36},"end":{"line":13,"column":1}},"line":10},"2":{"name":"(anonymous_2)","decl":{"start":{"line":15,"column":16},"end":{"line":15,"column":17}},"loc":{"start":{"line":15,"column":30},"end":{"line":19,"column":1}},"line":15},"3":{"name":"(anonymous_3)","decl":{"start":{"line":21,"column":16},"end":{"line":21,"column":17}},"loc":{"start":{"line":21,"column":66},"end":{"line":26,"column":1}},"line":21}},"branchMap":{"0":{"loc":{"start":{"line":21,"column":39},"end":{"line":21,"column":61}},"type":"default-arg","locations":[{"start":{"line":21,"column":52},"end":{"line":21,"column":61}}],"line":21}},"s":{"0":1,"1":48,"2":1,"3":24,"4":24,"5":1,"6":24,"7":24,"8":24,"9":1,"10":12,"11":12,"12":12,"13":12},"f":{"0":48,"1":24,"2":24,"3":12},"b":{"0":[3]},"_coverageSchema":"1a1c01bbd47fc00a2c39e90264f33305004495a9","hash":"2285c5d9d355652706020f33f3c44ee1bc062a0c"}
,"/home/tatsiana/frontend-project-46/src/makeDiff.js": {"path":"/home/tatsiana/frontend-project-46/src/makeDiff.js","statementMap":{"0":{"start":{"line":3,"column":17},"end":{"line":42,"column":1}},"1":{"start":{"line":4,"column":15},"end":{"line":4,"column":72}},"2":{"start":{"line":5,"column":17},"end":{"line":40,"column":4}},"3":{"start":{"line":6,"column":4},"end":{"line":12,"column":5}},"4":{"start":{"line":7,"column":6},"end":{"line":11,"column":8}},"5":{"start":{"line":13,"column":4},"end":{"line":19,"column":5}},"6":{"start":{"line":14,"column":6},"end":{"line":18,"column":8}},"7":{"start":{"line":20,"column":4},"end":{"line":26,"column":5}},"8":{"start":{"line":21,"column":6},"end":{"line":25,"column":8}},"9":{"start":{"line":27,"column":4},"end":{"line":34,"column":5}},"10":{"start":{"line":28,"column":6},"end":{"line":33,"column":8}},"11":{"start":{"line":35,"column":4},"end":{"line":39,"column":6}},"12":{"start":{"line":41,"column":2},"end":{"line":41,"column":16}}},"fnMap":{"0":{"name":"(anonymous_0)","decl":{"start":{"line":3,"column":17},"end":{"line":3,"column":18}},"loc":{"start":{"line":3,"column":35},"end":{"line":42,"column":1}},"line":3},"1":{"name":"(anonymous_1)","decl":{"start":{"line":5,"column":26},"end":{"line":5,"column":27}},"loc":{"start":{"line":5,"column":35},"end":{"line":40,"column":3}},"line":5}},"branchMap":{"0":{"loc":{"start":{"line":6,"column":4},"end":{"line":12,"column":5}},"type":"if","locations":[{"start":{"line":6,"column":4},"end":{"line":12,"column":5}},{"start":{},"end":{}}],"line":6},"1":{"loc":{"start":{"line":13,"column":4},"end":{"line":19,"column":5}},"type":"if","locations":[{"start":{"line":13,"column":4},"end":{"line":19,"column":5}},{"start":{},"end":{}}],"line":13},"2":{"loc":{"start":{"line":20,"column":4},"end":{"line":26,"column":5}},"type":"if","locations":[{"start":{"line":20,"column":4},"end":{"line":26,"column":5}},{"start":{},"end":{}}],"line":20},"3":{"loc":{"start":{"line":20,"column":8},"end":{"line":20,"column":56}},"type":"binary-expr","locations":[{"start":{"line":20,"column":8},"end":{"line":20,"column":30}},{"start":{"line":20,"column":34},"end":{"line":20,"column":56}}],"line":20},"4":{"loc":{"start":{"line":27,"column":4},"end":{"line":34,"column":5}},"type":"if","locations":[{"start":{"line":27,"column":4},"end":{"line":34,"column":5}},{"start":{},"end":{}}],"line":27}},"s":{"0":1,"1":60,"2":60,"3":216,"4":24,"5":192,"6":60,"7":132,"8":48,"9":84,"10":48,"11":36,"12":60},"f":{"0":60,"1":216},"b":{"0":[24,192],"1":[60,132],"2":[48,84],"3":[132,60],"4":[48,36]},"_coverageSchema":"1a1c01bbd47fc00a2c39e90264f33305004495a9","hash":"b31764e7dd8d597f26adae641c03d555191e55c9"}
,"/home/tatsiana/frontend-project-46/src/parsers.js": {"path":"/home/tatsiana/frontend-project-46/src/parsers.js","statementMap":{"0":{"start":{"line":3,"column":14},"end":{"line":14,"column":1}},"1":{"start":{"line":4,"column":2},"end":{"line":13,"column":3}},"2":{"start":{"line":6,"column":6},"end":{"line":6,"column":30}},"3":{"start":{"line":8,"column":6},"end":{"line":8,"column":29}},"4":{"start":{"line":10,"column":6},"end":{"line":10,"column":29}},"5":{"start":{"line":12,"column":6},"end":{"line":12,"column":63}}},"fnMap":{"0":{"name":"(anonymous_0)","decl":{"start":{"line":3,"column":14},"end":{"line":3,"column":15}},"loc":{"start":{"line":3,"column":36},"end":{"line":14,"column":1}},"line":3}},"branchMap":{"0":{"loc":{"start":{"line":4,"column":2},"end":{"line":13,"column":3}},"type":"switch","locations":[{"start":{"line":5,"column":4},"end":{"line":6,"column":30}},{"start":{"line":7,"column":4},"end":{"line":8,"column":29}},{"start":{"line":9,"column":4},"end":{"line":10,"column":29}},{"start":{"line":11,"column":4},"end":{"line":12,"column":63}}],"line":4}},"s":{"0":1,"1":24,"2":8,"3":8,"4":8,"5":0},"f":{"0":24},"b":{"0":[8,8,8,0]},"_coverageSchema":"1a1c01bbd47fc00a2c39e90264f33305004495a9","hash":"56beb410e35a18afea30c9bf39fdc86bcc05e09c"}
,"/home/tatsiana/frontend-project-46/src/formatters/index.js": {"path":"/home/tatsiana/frontend-project-46/src/formatters/index.js","statementMap":{"0":{"start":{"line":5,"column":15},"end":{"line":16,"column":1}},"1":{"start":{"line":6,"column":2},"end":{"line":15,"column":3}},"2":{"start":{"line":8,"column":6},"end":{"line":8,"column":31}},"3":{"start":{"line":10,"column":6},"end":{"line":10,"column":30}},"4":{"start":{"line":12,"column":6},"end":{"line":12,"column":33}},"5":{"start":{"line":14,"column":6},"end":{"line":14,"column":60}}},"fnMap":{"0":{"name":"(anonymous_0)","decl":{"start":{"line":5,"column":15},"end":{"line":5,"column":16}},"loc":{"start":{"line":5,"column":37},"end":{"line":16,"column":1}},"line":5}},"branchMap":{"0":{"loc":{"start":{"line":6,"column":2},"end":{"line":15,"column":3}},"type":"switch","locations":[{"start":{"line":7,"column":4},"end":{"line":8,"column":31}},{"start":{"line":9,"column":4},"end":{"line":10,"column":30}},{"start":{"line":11,"column":4},"end":{"line":12,"column":33}},{"start":{"line":13,"column":4},"end":{"line":14,"column":60}}],"line":6}},"s":{"0":1,"1":13,"2":3,"3":3,"4":6,"5":1},"f":{"0":13},"b":{"0":[3,3,6,1]},"_coverageSchema":"1a1c01bbd47fc00a2c39e90264f33305004495a9","hash":"28793da98f2d8bea99a72f32492c735ad5b31927"}
,"/home/tatsiana/frontend-project-46/src/formatters/json.js": {"path":"/home/tatsiana/frontend-project-46/src/formatters/json.js","statementMap":{"0":{"start":{"line":1,"column":25},"end":{"line":1,"column":45}}},"fnMap":{"0":{"name":"(anonymous_0)","decl":{"start":{"line":1,"column":15},"end":{"line":1,"column":16}},"loc":{"start":{"line":1,"column":25},"end":{"line":1,"column":45}},"line":1}},"branchMap":{},"s":{"0":3},"f":{"0":3},"b":{},"_coverageSchema":"1a1c01bbd47fc00a2c39e90264f33305004495a9","hash":"4247529504c02791023575782c9473f90e44678e"}
,"/home/tatsiana/frontend-project-46/src/formatters/plain.js": {"path":"/home/tatsiana/frontend-project-46/src/formatters/plain.js","statementMap":{"0":{"start":{"line":3,"column":18},"end":{"line":3,"column":22}},"1":{"start":{"line":5,"column":18},"end":{"line":5,"column":83}},"2":{"start":{"line":5,"column":34},"end":{"line":5,"column":82}},"3":{"start":{"line":7,"column":18},"end":{"line":12,"column":1}},"4":{"start":{"line":8,"column":2},"end":{"line":10,"column":3}},"5":{"start":{"line":9,"column":4},"end":{"line":9,"column":29}},"6":{"start":{"line":11,"column":2},"end":{"line":11,"column":60}},"7":{"start":{"line":14,"column":20},"end":{"line":37,"column":1}},"8":{"start":{"line":15,"column":15},"end":{"line":35,"column":3}},"9":{"start":{"line":16,"column":19},"end":{"line":33,"column":8}},"10":{"start":{"line":17,"column":24},"end":{"line":17,"column":49}},"11":{"start":{"line":19,"column":28},"end":{"line":19,"column":53}},"12":{"start":{"line":20,"column":8},"end":{"line":22,"column":9}},"13":{"start":{"line":21,"column":10},"end":{"line":21,"column":57}},"14":{"start":{"line":23,"column":8},"end":{"line":25,"column":9}},"15":{"start":{"line":24,"column":10},"end":{"line":24,"column":92}},"16":{"start":{"line":26,"column":8},"end":{"line":28,"column":9}},"17":{"start":{"line":27,"column":10},"end":{"line":27,"column":50}},"18":{"start":{"line":29,"column":8},"end":{"line":31,"column":9}},"19":{"start":{"line":30,"column":10},"end":{"line":30,"column":118}},"20":{"start":{"line":32,"column":8},"end":{"line":32,"column":61}},"21":{"start":{"line":34,"column":4},"end":{"line":34,"column":34}},"22":{"start":{"line":36,"column":2},"end":{"line":36,"column":24}}},"fnMap":{"0":{"name":"(anonymous_0)","decl":{"start":{"line":5,"column":18},"end":{"line":5,"column":19}},"loc":{"start":{"line":5,"column":34},"end":{"line":5,"column":82}},"line":5},"1":{"name":"(anonymous_1)","decl":{"start":{"line":7,"column":18},"end":{"line":7,"column":19}},"loc":{"start":{"line":7,"column":29},"end":{"line":12,"column":1}},"line":7},"2":{"name":"(anonymous_2)","decl":{"start":{"line":14,"column":20},"end":{"line":14,"column":21}},"loc":{"start":{"line":14,"column":30},"end":{"line":37,"column":1}},"line":14},"3":{"name":"(anonymous_3)","decl":{"start":{"line":15,"column":15},"end":{"line":15,"column":16}},"loc":{"start":{"line":15,"column":31},"end":{"line":35,"column":3}},"line":15},"4":{"name":"(anonymous_4)","decl":{"start":{"line":17,"column":14},"end":{"line":17,"column":15}},"loc":{"start":{"line":17,"column":24},"end":{"line":17,"column":49}},"line":17},"5":{"name":"(anonymous_5)","decl":{"start":{"line":18,"column":11},"end":{"line":18,"column":12}},"loc":{"start":{"line":18,"column":21},"end":{"line":33,"column":7}},"line":18}},"branchMap":{"0":{"loc":{"start":{"line":5,"column":34},"end":{"line":5,"column":82}},"type":"cond-expr","locations":[{"start":{"line":5,"column":52},"end":{"line":5,"column":68}},{"start":{"line":5,"column":71},"end":{"line":5,"column":82}}],"line":5},"1":{"loc":{"start":{"line":8,"column":2},"end":{"line":10,"column":3}},"type":"if","locations":[{"start":{"line":8,"column":2},"end":{"line":10,"column":3}},{"start":{},"end":{}}],"line":8},"2":{"loc":{"start":{"line":11,"column":9},"end":{"line":11,"column":59}},"type":"cond-expr","locations":[{"start":{"line":11,"column":31},"end":{"line":11,"column":43}},{"start":{"line":11,"column":46},"end":{"line":11,"column":59}}],"line":11},"3":{"loc":{"start":{"line":20,"column":8},"end":{"line":22,"column":9}},"type":"if","locations":[{"start":{"line":20,"column":8},"end":{"line":22,"column":9}},{"start":{},"end":{}}],"line":20},"4":{"loc":{"start":{"line":23,"column":8},"end":{"line":25,"column":9}},"type":"if","locations":[{"start":{"line":23,"column":8},"end":{"line":25,"column":9}},{"start":{},"end":{}}],"line":23},"5":{"loc":{"start":{"line":26,"column":8},"end":{"line":28,"column":9}},"type":"if","locations":[{"start":{"line":26,"column":8},"end":{"line":28,"column":9}},{"start":{},"end":{}}],"line":26},"6":{"loc":{"start":{"line":29,"column":8},"end":{"line":31,"column":9}},"type":"if","locations":[{"start":{"line":29,"column":8},"end":{"line":31,"column":9}},{"start":{},"end":{}}],"line":29}},"s":{"0":1,"1":1,"2":45,"3":1,"4":39,"5":9,"6":30,"7":1,"8":3,"9":15,"10":54,"11":45,"12":45,"13":6,"14":39,"15":15,"16":24,"17":12,"18":12,"19":12,"20":0,"21":15,"22":3},"f":{"0":45,"1":39,"2":3,"3":15,"4":54,"5":45},"b":{"0":[33,12],"1":[9,30],"2":[21,9],"3":[6,39],"4":[15,24],"5":[12,12],"6":[12,0]},"_coverageSchema":"1a1c01bbd47fc00a2c39e90264f33305004495a9","hash":"52979022cd7ff5eaf627dabf0d40acd4a39dfb53"}
,"/home/tatsiana/frontend-project-46/src/formatters/stylish.js": {"path":"/home/tatsiana/frontend-project-46/src/formatters/stylish.js","statementMap":{"0":{"start":{"line":3,"column":19},"end":{"line":3,"column":20}},"1":{"start":{"line":4,"column":20},"end":{"line":4,"column":21}},"2":{"start":{"line":5,"column":18},"end":{"line":5,"column":21}},"3":{"start":{"line":6,"column":18},"end":{"line":6,"column":22}},"4":{"start":{"line":8,"column":23},"end":{"line":8,"column":93}},"5":{"start":{"line":8,"column":53},"end":{"line":8,"column":93}},"6":{"start":{"line":10,"column":18},"end":{"line":19,"column":1}},"7":{"start":{"line":11,"column":2},"end":{"line":13,"column":3}},"8":{"start":{"line":12,"column":4},"end":{"line":12,"column":24}},"9":{"start":{"line":14,"column":18},"end":{"line":14,"column":38}},"10":{"start":{"line":15,"column":17},"end":{"line":17,"column":66}},"11":{"start":{"line":15,"column":48},"end":{"line":17,"column":64}},"12":{"start":{"line":18,"column":2},"end":{"line":18,"column":79}},"13":{"start":{"line":21,"column":22},"end":{"line":46,"column":1}},"14":{"start":{"line":22,"column":15},"end":{"line":44,"column":3}},"15":{"start":{"line":23,"column":19},"end":{"line":42,"column":6}},"16":{"start":{"line":24,"column":6},"end":{"line":26,"column":7}},"17":{"start":{"line":25,"column":8},"end":{"line":25,"column":121}},"18":{"start":{"line":27,"column":6},"end":{"line":29,"column":7}},"19":{"start":{"line":28,"column":8},"end":{"line":28,"column":121}},"20":{"start":{"line":30,"column":6},"end":{"line":32,"column":7}},"21":{"start":{"line":31,"column":8},"end":{"line":31,"column":104}},"22":{"start":{"line":33,"column":6},"end":{"line":37,"column":7}},"23":{"start":{"line":34,"column":22},"end":{"line":34,"column":128}},"24":{"start":{"line":35,"column":22},"end":{"line":35,"column":128}},"25":{"start":{"line":36,"column":8},"end":{"line":36,"column":36}},"26":{"start":{"line":38,"column":6},"end":{"line":40,"column":7}},"27":{"start":{"line":39,"column":8},"end":{"line":39,"column":102}},"28":{"start":{"line":41,"column":6},"end":{"line":41,"column":59}},"29":{"start":{"line":43,"column":4},"end":{"line":43,"column":81}},"30":{"start":{"line":45,"column":2},"end":{"line":45,"column":23}}},"fnMap":{"0":{"name":"(anonymous_0)","decl":{"start":{"line":8,"column":23},"end":{"line":8,"column":24}},"loc":{"start":{"line":8,"column":53},"end":{"line":8,"column":93}},"line":8},"1":{"name":"(anonymous_1)","decl":{"start":{"line":10,"column":18},"end":{"line":10,"column":19}},"loc":{"start":{"line":10,"column":35},"end":{"line":19,"column":1}},"line":10},"2":{"name":"(anonymous_2)","decl":{"start":{"line":15,"column":29},"end":{"line":15,"column":30}},"loc":{"start":{"line":15,"column":48},"end":{"line":17,"column":64}},"line":15},"3":{"name":"(anonymous_3)","decl":{"start":{"line":21,"column":22},"end":{"line":21,"column":23}},"loc":{"start":{"line":21,"column":32},"end":{"line":46,"column":1}},"line":21},"4":{"name":"(anonymous_4)","decl":{"start":{"line":22,"column":15},"end":{"line":22,"column":16}},"loc":{"start":{"line":22,"column":32},"end":{"line":44,"column":3}},"line":22},"5":{"name":"(anonymous_5)","decl":{"start":{"line":23,"column":28},"end":{"line":23,"column":29}},"loc":{"start":{"line":23,"column":38},"end":{"line":42,"column":5}},"line":23}},"branchMap":{"0":{"loc":{"start":{"line":8,"column":38},"end":{"line":8,"column":48}},"type":"default-arg","locations":[{"start":{"line":8,"column":47},"end":{"line":8,"column":48}}],"line":8},"1":{"loc":{"start":{"line":11,"column":2},"end":{"line":13,"column":3}},"type":"if","locations":[{"start":{"line":11,"column":2},"end":{"line":13,"column":3}},{"start":{},"end":{}}],"line":11},"2":{"loc":{"start":{"line":15,"column":48},"end":{"line":17,"column":64}},"type":"cond-expr","locations":[{"start":{"line":16,"column":6},"end":{"line":16,"column":86}},{"start":{"line":17,"column":6},"end":{"line":17,"column":64}}],"line":15},"3":{"loc":{"start":{"line":24,"column":6},"end":{"line":26,"column":7}},"type":"if","locations":[{"start":{"line":24,"column":6},"end":{"line":26,"column":7}},{"start":{},"end":{}}],"line":24},"4":{"loc":{"start":{"line":27,"column":6},"end":{"line":29,"column":7}},"type":"if","locations":[{"start":{"line":27,"column":6},"end":{"line":29,"column":7}},{"start":{},"end":{}}],"line":27},"5":{"loc":{"start":{"line":30,"column":6},"end":{"line":32,"column":7}},"type":"if","locations":[{"start":{"line":30,"column":6},"end":{"line":32,"column":7}},{"start":{},"end":{}}],"line":30},"6":{"loc":{"start":{"line":33,"column":6},"end":{"line":37,"column":7}},"type":"if","locations":[{"start":{"line":33,"column":6},"end":{"line":37,"column":7}},{"start":{},"end":{}}],"line":33},"7":{"loc":{"start":{"line":38,"column":6},"end":{"line":40,"column":7}},"type":"if","locations":[{"start":{"line":38,"column":6},"end":{"line":40,"column":7}},{"start":{},"end":{}}],"line":38}},"s":{"0":1,"1":1,"2":1,"3":1,"4":1,"5":258,"6":1,"7":126,"8":84,"9":42,"10":42,"11":54,"12":42,"13":1,"14":7,"15":31,"16":109,"17":12,"18":97,"19":30,"20":67,"21":24,"22":43,"23":24,"24":24,"25":24,"26":19,"27":18,"28":1,"29":30,"30":7},"f":{"0":258,"1":126,"2":54,"3":7,"4":31,"5":109},"b":{"0":[168],"1":[84,42],"2":[18,36],"3":[12,97],"4":[30,67],"5":[24,43],"6":[24,19],"7":[18,1]},"_coverageSchema":"1a1c01bbd47fc00a2c39e90264f33305004495a9","hash":"5504fef6c9023213b14bac3bc4ff60f4619624b6"}
}
