TN:
SF:src/index.js
FN:8,(anonymous_0)
FN:10,(anonymous_1)
FN:15,(anonymous_2)
FN:21,(anonymous_3)
FNF:4
FNH:4
FNDA:48,(anonymous_0)
FNDA:24,(anonymous_1)
FNDA:24,(anonymous_2)
FNDA:12,(anonymous_3)
DA:8,48
DA:10,1
DA:11,24
DA:12,24
DA:15,1
DA:16,24
DA:17,24
DA:18,24
DA:21,1
DA:22,12
DA:23,12
DA:24,12
DA:25,12
LF:13
LH:13
BRDA:21,0,0,3
BRF:1
BRH:1
end_of_record
TN:
SF:src/makeDiff.js
FN:3,(anonymous_0)
FN:5,(anonymous_1)
FNF:2
FNH:2
FNDA:60,(anonymous_0)
FNDA:216,(anonymous_1)
DA:3,1
DA:4,60
DA:5,60
DA:6,216
DA:7,24
DA:13,192
DA:14,60
DA:20,132
DA:21,48
DA:27,84
DA:28,48
DA:35,36
DA:41,60
LF:13
LH:13
BRDA:6,0,0,24
BRDA:6,0,1,192
BRDA:13,1,0,60
BRDA:13,1,1,132
BRDA:20,2,0,48
BRDA:20,2,1,84
BRDA:20,3,0,132
BRDA:20,3,1,60
BRDA:27,4,0,48
BRDA:27,4,1,36
BRF:10
BRH:10
end_of_record
TN:
SF:src/parsers.js
FN:3,(anonymous_0)
FNF:1
FNH:1
FNDA:24,(anonymous_0)
DA:3,1
DA:4,24
DA:6,8
DA:8,8
DA:10,8
DA:12,0
LF:6
LH:5
BRDA:4,0,0,8
BRDA:4,0,1,8
BRDA:4,0,2,8
BRDA:4,0,3,0
BRF:4
BRH:3
end_of_record
TN:
SF:src/formatters/index.js
FN:5,(anonymous_0)
FNF:1
FNH:1
FNDA:13,(anonymous_0)
DA:5,1
DA:6,13
DA:8,3
DA:10,3
DA:12,6
DA:14,1
LF:6
LH:6
BRDA:6,0,0,3
BRDA:6,0,1,3
BRDA:6,0,2,6
BRDA:6,0,3,1
BRF:4
BRH:4
end_of_record
TN:
SF:src/formatters/json.js
FN:1,(anonymous_0)
FNF:1
FNH:1
FNDA:3,(anonymous_0)
DA:1,3
LF:1
LH:1
BRF:0
BRH:0
end_of_record
TN:
SF:src/formatters/plain.js
FN:5,(anonymous_0)
FN:7,(anonymous_1)
FN:14,(anonymous_2)
FN:15,(anonymous_3)
FN:17,(anonymous_4)
FN:18,(anonymous_5)
FNF:6
FNH:6
FNDA:45,(anonymous_0)
FNDA:39,(anonymous_1)
FNDA:3,(anonymous_2)
FNDA:15,(anonymous_3)
FNDA:54,(anonymous_4)
FNDA:45,(anonymous_5)
DA:3,1
DA:5,45
DA:7,1
DA:8,39
DA:9,9
DA:11,30
DA:14,1
DA:15,3
DA:16,15
DA:17,54
DA:19,45
DA:20,45
DA:21,6
DA:23,39
DA:24,15
DA:26,24
DA:27,12
DA:29,12
DA:30,12
DA:32,0
DA:34,15
DA:36,3
LF:22
LH:21
BRDA:5,0,0,33
BRDA:5,0,1,12
BRDA:8,1,0,9
BRDA:8,1,1,30
BRDA:11,2,0,21
BRDA:11,2,1,9
BRDA:20,3,0,6
BRDA:20,3,1,39
BRDA:23,4,0,15
BRDA:23,4,1,24
BRDA:26,5,0,12
BRDA:26,5,1,12
BRDA:29,6,0,12
BRDA:29,6,1,0
BRF:14
BRH:13
end_of_record
TN:
SF:src/formatters/stylish.js
FN:8,(anonymous_0)
FN:10,(anonymous_1)
FN:15,(anonymous_2)
FN:21,(anonymous_3)
FN:22,(anonymous_4)
FN:23,(anonymous_5)
FNF:6
FNH:6
FNDA:258,(anonymous_0)
FNDA:126,(anonymous_1)
FNDA:54,(anonymous_2)
FNDA:7,(anonymous_3)
FNDA:31,(anonymous_4)
FNDA:109,(anonymous_5)
DA:3,1
DA:4,1
DA:5,1
DA:6,1
DA:8,258
DA:10,1
DA:11,126
DA:12,84
DA:14,42
DA:15,54
DA:18,42
DA:21,1
DA:22,7
DA:23,31
DA:24,109
DA:25,12
DA:27,97
DA:28,30
DA:30,67
DA:31,24
DA:33,43
DA:34,24
DA:35,24
DA:36,24
DA:38,19
DA:39,18
DA:41,1
DA:43,30
DA:45,7
LF:29
LH:29
BRDA:8,0,0,168
BRDA:11,1,0,84
BRDA:11,1,1,42
BRDA:15,2,0,18
BRDA:15,2,1,36
BRDA:24,3,0,12
BRDA:24,3,1,97
BRDA:27,4,0,30
BRDA:27,4,1,67
BRDA:30,5,0,24
BRDA:30,5,1,43
BRDA:33,6,0,24
BRDA:33,6,1,19
BRDA:38,7,0,18
BRDA:38,7,1,1
BRF:15
BRH:15
end_of_record
