TN:
SF:src/index.js
FN:7,(anonymous_0)
FN:9,(anonymous_1)
FN:14,(anonymous_2)
FN:20,(anonymous_3)
FNF:4
FNH:4
FNDA:32,(anonymous_0)
FNDA:16,(anonymous_1)
FNDA:16,(anonymous_2)
FNDA:8,(anonymous_3)
DA:7,32
DA:9,1
DA:10,16
DA:11,16
DA:14,1
DA:15,16
DA:16,16
DA:17,16
DA:20,1
DA:21,8
DA:22,8
DA:23,8
DA:24,8
LF:13
LH:13
BRDA:20,0,0,2
BRF:1
BRH:1
end_of_record
TN:
SF:src/makeDiff.js
FN:3,(anonymous_0)
FN:5,(anonymous_1)
FNF:2
FNH:2
FNDA:40,(anonymous_0)
FNDA:144,(anonymous_1)
DA:3,1
DA:4,40
DA:5,40
DA:6,144
DA:7,16
DA:13,128
DA:14,40
DA:20,88
DA:21,32
DA:27,56
DA:28,32
DA:35,24
DA:41,40
LF:13
LH:13
BRDA:6,0,0,16
BRDA:6,0,1,128
BRDA:13,1,0,40
BRDA:13,1,1,88
BRDA:20,2,0,32
BRDA:20,2,1,56
BRDA:20,3,0,88
BRDA:20,3,1,40
BRDA:27,4,0,32
BRDA:27,4,1,24
BRF:10
BRH:10
end_of_record
TN:
SF:src/parsers.js
FN:3,(anonymous_0)
FNF:1
FNH:1
FNDA:16,(anonymous_0)
DA:3,1
DA:4,16
DA:6,8
DA:8,0
DA:10,8
DA:12,0
LF:6
LH:4
BRDA:4,0,0,8
BRDA:4,0,1,0
BRDA:4,0,2,8
BRDA:4,0,3,0
BRF:4
BRH:2
end_of_record
TN:
SF:src/formatters/index.js
FN:4,(anonymous_0)
FNF:1
FNH:1
FNDA:8,(anonymous_0)
DA:4,1
DA:5,8
DA:7,2
DA:9,2
DA:11,4
DA:13,0
LF:6
LH:5
BRDA:5,0,0,2
BRDA:5,0,1,2
BRDA:5,0,2,4
BRDA:5,0,3,0
BRF:4
BRH:3
end_of_record
TN:
SF:src/formatters/plain.js
FN:5,(anonymous_0)
FN:7,(anonymous_1)
FN:14,(anonymous_2)
FN:15,(anonymous_3)
FN:17,(anonymous_4)
FN:18,(anonymous_5)
FNF:6
FNH:6
FNDA:30,(anonymous_0)
FNDA:26,(anonymous_1)
FNDA:2,(anonymous_2)
FNDA:10,(anonymous_3)
FNDA:36,(anonymous_4)
FNDA:30,(anonymous_5)
DA:3,1
DA:5,30
DA:7,1
DA:8,26
DA:9,6
DA:11,20
DA:14,1
DA:15,2
DA:16,10
DA:17,36
DA:19,30
DA:20,30
DA:21,4
DA:23,26
DA:24,10
DA:26,16
DA:27,8
DA:29,8
DA:30,8
DA:32,0
DA:34,10
DA:36,2
LF:22
LH:21
BRDA:5,0,0,22
BRDA:5,0,1,8
BRDA:8,1,0,6
BRDA:8,1,1,20
BRDA:11,2,0,14
BRDA:11,2,1,6
BRDA:20,3,0,4
BRDA:20,3,1,26
BRDA:23,4,0,10
BRDA:23,4,1,16
BRDA:26,5,0,8
BRDA:26,5,1,8
BRDA:29,6,0,8
BRDA:29,6,1,0
BRF:14
BRH:13
end_of_record
TN:
SF:src/formatters/stylish.js
FN:8,(anonymous_0)
FN:10,(anonymous_1)
FN:15,(anonymous_2)
FN:21,(anonymous_3)
FN:22,(anonymous_4)
FN:23,(anonymous_5)
FNF:6
FNH:6
FNDA:172,(anonymous_0)
FNDA:84,(anonymous_1)
FNDA:36,(anonymous_2)
FNDA:4,(anonymous_3)
FNDA:20,(anonymous_4)
FNDA:72,(anonymous_5)
DA:3,1
DA:4,1
DA:5,1
DA:6,1
DA:8,172
DA:10,1
DA:11,84
DA:12,56
DA:14,28
DA:15,36
DA:18,28
DA:21,1
DA:22,4
DA:23,20
DA:24,72
DA:25,8
DA:27,64
DA:28,20
DA:30,44
DA:31,16
DA:33,28
DA:34,16
DA:35,16
DA:36,16
DA:38,12
DA:39,12
DA:41,0
DA:43,20
DA:45,4
LF:29
LH:28
BRDA:8,0,0,112
BRDA:11,1,0,56
BRDA:11,1,1,28
BRDA:15,2,0,12
BRDA:15,2,1,24
BRDA:24,3,0,8
BRDA:24,3,1,64
BRDA:27,4,0,20
BRDA:27,4,1,44
BRDA:30,5,0,16
BRDA:30,5,1,28
BRDA:33,6,0,16
BRDA:33,6,1,12
BRDA:38,7,0,12
BRDA:38,7,1,0
BRF:15
BRH:14
end_of_record
